<?xml version="1.0" encoding="UTF-8"?>
<testsuite name="com.aor.frogger.GUI.LanternaGUITest" tests="2" skipped="0" failures="0" errors="0" timestamp="2022-12-23T22:08:32" hostname="Lima" time="0.937">
  <properties/>
  <testcase name="drawElements()" classname="com.aor.frogger.GUI.LanternaGUITest" time="0.935"/>
  <testcase name="drawText()" classname="com.aor.frogger.GUI.LanternaGUITest" time="0.001"/>
  <system-out><![CDATA[]]></system-out>
  <system-err><![CDATA[]]></system-err>
</testsuite>
