<?xml version="1.0" encoding="UTF-8"?>
<testsuite name="com.aor.frogger.FrogViewerTest" tests="1" skipped="0" failures="0" errors="0" timestamp="2022-12-08T19:51:09" hostname="Lima" time="0.268">
  <properties/>
  <testcase name="drawElement()" classname="com.aor.frogger.FrogViewerTest" time="0.268"/>
  <system-out><![CDATA[]]></system-out>
  <system-err><![CDATA[]]></system-err>
</testsuite>
