<?xml version="1.0" encoding="UTF-8"?>
<testsuite name="com.aor.frogger.controller.ArenaControllerTest" tests="2" skipped="0" failures="0" errors="0" timestamp="2022-12-23T20:45:02" hostname="Lima" time="0.007">
  <properties/>
  <testcase name="GameOver()" classname="com.aor.frogger.controller.ArenaControllerTest" time="0.004"/>
  <testcase name="GameWon()" classname="com.aor.frogger.controller.ArenaControllerTest" time="0.003"/>
  <system-out><![CDATA[]]></system-out>
  <system-err><![CDATA[]]></system-err>
</testsuite>
