<?xml version="1.0" encoding="UTF-8"?>
<testsuite name="com.aor.frogger.Viewer.ArenaViewerTest" tests="8" skipped="0" failures="0" errors="0" timestamp="2022-12-23T20:45:02" hostname="Lima" time="0.058">
  <properties/>
  <testcase name="drawBackCar()" classname="com.aor.frogger.Viewer.ArenaViewerTest" time="0.03"/>
  <testcase name="drawCars()" classname="com.aor.frogger.Viewer.ArenaViewerTest" time="0.003"/>
  <testcase name="drawLogs()" classname="com.aor.frogger.Viewer.ArenaViewerTest" time="0.002"/>
  <testcase name="drawRivers()" classname="com.aor.frogger.Viewer.ArenaViewerTest" time="0.003"/>
  <testcase name="drawDirts()" classname="com.aor.frogger.Viewer.ArenaViewerTest" time="0.006"/>
  <testcase name="drawRoads()" classname="com.aor.frogger.Viewer.ArenaViewerTest" time="0.003"/>
  <testcase name="drawLilyPads()" classname="com.aor.frogger.Viewer.ArenaViewerTest" time="0.002"/>
  <testcase name="refreshAndClear()" classname="com.aor.frogger.Viewer.ArenaViewerTest" time="0.003"/>
  <system-out><![CDATA[]]></system-out>
  <system-err><![CDATA[]]></system-err>
</testsuite>
