<?xml version="1.0" encoding="UTF-8"?>
<testsuite name="com.aor.frogger.controller.LilyPadControllerTest" tests="2" skipped="0" failures="0" errors="0" timestamp="2022-12-23T22:08:33" hostname="Lima" time="0.001">
  <properties/>
  <testcase name="moveLilyPad()" classname="com.aor.frogger.controller.LilyPadControllerTest" time="0.0"/>
  <testcase name="moveLilyPadFrog()" classname="com.aor.frogger.controller.LilyPadControllerTest" time="0.0"/>
  <system-out><![CDATA[]]></system-out>
  <system-err><![CDATA[]]></system-err>
</testsuite>
