<?xml version="1.0" encoding="UTF-8"?>
<testsuite name="com.aor.frogger.controller.CarControllerTest" tests="1" skipped="0" failures="0" errors="0" timestamp="2022-12-23T20:45:02" hostname="Lima" time="0.003">
  <properties/>
  <testcase name="moveCars()" classname="com.aor.frogger.controller.CarControllerTest" time="0.003"/>
  <system-out><![CDATA[]]></system-out>
  <system-err><![CDATA[]]></system-err>
</testsuite>
