<?xml version="1.0" encoding="UTF-8"?>
<testsuite name="com.aor.frogger.Model.MenuTest" tests="1" skipped="0" failures="0" errors="0" timestamp="2022-12-23T22:08:33" hostname="Lima" time="0.024">
  <properties/>
  <testcase name="MenuTest()" classname="com.aor.frogger.Model.MenuTest" time="0.024"/>
  <system-out><![CDATA[]]></system-out>
  <system-err><![CDATA[]]></system-err>
</testsuite>
