<?xml version="1.0" encoding="UTF-8"?>
<testsuite name="com.aor.frogger.controller.FrogControllerTest" tests="4" skipped="0" failures="0" errors="0" timestamp="2022-12-23T20:45:02" hostname="Lima" time="0.003">
  <properties/>
  <testcase name="moveFrogUp()" classname="com.aor.frogger.controller.FrogControllerTest" time="0.001"/>
  <testcase name="moveFrogDown()" classname="com.aor.frogger.controller.FrogControllerTest" time="0.0"/>
  <testcase name="moveFrogLeft()" classname="com.aor.frogger.controller.FrogControllerTest" time="0.001"/>
  <testcase name="moveFrogRight()" classname="com.aor.frogger.controller.FrogControllerTest" time="0.001"/>
  <system-out><![CDATA[]]></system-out>
  <system-err><![CDATA[]]></system-err>
</testsuite>
