<?xml version="1.0" encoding="UTF-8"?>
<testsuite name="com.aor.frogger.GUI.LanternaGUITest" tests="2" skipped="0" failures="0" errors="0" timestamp="2022-12-23T20:45:01" hostname="Lima" time="0.909">
  <properties/>
  <testcase name="drawElements()" classname="com.aor.frogger.GUI.LanternaGUITest" time="0.907"/>
  <testcase name="drawText()" classname="com.aor.frogger.GUI.LanternaGUITest" time="0.002"/>
  <system-out><![CDATA[]]></system-out>
  <system-err><![CDATA[]]></system-err>
</testsuite>
